<?xml version="1.0" encoding="UTF-8" ?>
<testsuite tests="7" failures="2" name="runner.TestRunner" time="78.928" errors="0" skipped="0">
  <properties>
[...]
</properties>
  <testcase classname="HotelApp login #1" name="Login successful" time="16.485">
    <failure message="expected:&lt;Hello [vasuvespag]!&gt; but was:&lt;Hello [aryan1207]!&gt;" type="org.junit.ComparisonFailure">org.junit.ComparisonFailure: expected:&lt;Hello [vasuvespag]!&gt; but was:&lt;Hello [aryan1207]!&gt;
	at org.junit.Assert.assertEquals(Assert.java:117)
	at org.junit.Assert.assertEquals(Assert.java:146)
	at com.stepDefinition.TestSteps.login_is_successful(TestSteps.java:60)
	at ✽.login is successful(file:///C:/Users/Administrator/JavaWorkspace/HotelAppCucumberDemo/Features/DataTableDemo.feature:11)
</failure>
    <system-out>[DEBUG] Using SLF4J as the default logging framework
[DEBUG] -Dio.netty.leakDetection.level: simple
[DEBUG] -Dio.netty.leakDetection.targetRecords: 4
[DEBUG] Loaded default ResourceLeakDetector: io.netty.util.ResourceLeakDetector@7674a051
[DEBUG] -Dio.netty.noUnsafe: false
[DEBUG] Java version: 18
[DEBUG] sun.misc.Unsafe.theUnsafe: available
[DEBUG] sun.misc.Unsafe.copyMemory: available
[DEBUG] sun.misc.Unsafe.storeFence: available
[DEBUG] java.nio.Buffer.address: available
[DEBUG] direct buffer constructor: unavailable: Reflective setAccessible(true) disabled
[DEBUG] java.nio.Bits.unaligned: available, true
[DEBUG] jdk.internal.misc.Unsafe.allocateUninitializedArray(int): unavailable: class io.netty.util.internal.PlatformDependent0$7 cannot access class jdk.internal.misc.Unsafe (in module java.base) because module java.base does not export jdk.internal.misc to unnamed module @6bdf28bb
[DEBUG] java.nio.DirectByteBuffer.&lt;init&gt;(long, int): unavailable
[DEBUG] sun.misc.Unsafe: available
[DEBUG] maxDirectMemory: 4294967296 bytes (maybe)
[DEBUG] -Dio.netty.tmpdir: C:\Users\ADMINI~1\AppData\Local\Temp (java.io.tmpdir)
[DEBUG] -Dio.netty.bitMode: 64 (sun.arch.data.model)
[DEBUG] Platform: Windows
[DEBUG] -Dio.netty.maxDirectMemory: -1 bytes
[DEBUG] -Dio.netty.uninitializedArrayAllocationThreshold: -1
[DEBUG] java.nio.ByteBuffer.cleaner(): available
[DEBUG] -Dio.netty.noPreferDirect: false
[DEBUG] org.jctools-core.MpscChunkedArrayQueue: available
[DEBUG] -Dio.netty.threadLocalMap.stringBuilder.initialSize: 1024
[DEBUG] -Dio.netty.threadLocalMap.stringBuilder.maxSize: 4096
[DEBUG] Default protocols (JDK): [TLSv1.3, TLSv1.2] 
[DEBUG] Default cipher suites (JDK): [TLS_ECDHE_ECDSA_WITH_AES_256_GCM_SHA384, TLS_ECDHE_ECDSA_WITH_AES_128_GCM_SHA256, TLS_ECDHE_RSA_WITH_AES_128_GCM_SHA256, TLS_ECDHE_RSA_WITH_AES_256_GCM_SHA384, TLS_ECDHE_RSA_WITH_AES_128_CBC_SHA, TLS_ECDHE_RSA_WITH_AES_256_CBC_SHA, TLS_RSA_WITH_AES_128_GCM_SHA256, TLS_RSA_WITH_AES_128_CBC_SHA, TLS_RSA_WITH_AES_256_CBC_SHA, TLS_AES_128_GCM_SHA256, TLS_AES_256_GCM_SHA384]
[DEBUG] -Dio.netty.eventLoopThreads: 8
[DEBUG] -Dio.netty.noKeySetOptimization: false
[DEBUG] -Dio.netty.selectorAutoRebuildThreshold: 512
[DEBUG] -Dio.netty.allocator.numHeapArenas: 8
[DEBUG] -Dio.netty.allocator.numDirectArenas: 8
[DEBUG] -Dio.netty.allocator.pageSize: 8192
[DEBUG] -Dio.netty.allocator.maxOrder: 9
[DEBUG] -Dio.netty.allocator.chunkSize: 4194304
[DEBUG] -Dio.netty.allocator.smallCacheSize: 256
[DEBUG] -Dio.netty.allocator.normalCacheSize: 64
[DEBUG] -Dio.netty.allocator.maxCachedBufferCapacity: 32768
[DEBUG] -Dio.netty.allocator.cacheTrimInterval: 8192
[DEBUG] -Dio.netty.allocator.cacheTrimIntervalMillis: 0
[DEBUG] -Dio.netty.allocator.useCacheForAllThreads: false
[DEBUG] -Dio.netty.allocator.maxCachedByteBuffersPerChunk: 1023
[DEBUG] -Dio.netty.allocator.type: pooled
[DEBUG] -Dio.netty.threadLocalDirectBufferSize: 0
[DEBUG] -Dio.netty.maxThreadLocalCharBufferSize: 16384
[DEBUG] -Dio.netty.processId: 23672 (auto-detected)
[DEBUG] -Djava.net.preferIPv4Stack: false
[DEBUG] -Djava.net.preferIPv6Addresses: false
[DEBUG] Loopback interface: lo (Software Loopback Interface 1, 127.0.0.1)
[DEBUG] Failed to get SOMAXCONN from sysctl and file \proc\sys\net\core\somaxconn. Default: 200
[DEBUG] -Dio.netty.machineId: 00:50:56:ff:fe:92:aa:ef (auto-detected)
[DEBUG] -Dio.netty.buffer.checkAccessible: true
[DEBUG] -Dio.netty.buffer.checkBounds: true
[DEBUG] Loaded default ResourceLeakDetector: io.netty.util.ResourceLeakDetector@7c1d94ce
[DEBUG] Using new Channel &apos;[id: 0x70789703, L:/127.0.0.1:63668 - R:localhost/127.0.0.1:53421]&apos; for &apos;POST&apos; to &apos;/session&apos;
[DEBUG] -Dio.netty.recycler.maxCapacityPerThread: 4096
[DEBUG] -Dio.netty.recycler.ratio: 8
[DEBUG] -Dio.netty.recycler.chunkSize: 32
[DEBUG] -Dio.netty.recycler.blocking: false
[DEBUG] brotli4j not in the classpath; Brotli support will be unavailable.
[DEBUG] 

Request DefaultHttpRequest(decodeResult: success, version: HTTP/1.1)
POST /session HTTP/1.1
User-Agent: selenium/4.5.0 (java windows)
Content-Length: 365
Content-Type: application/json; charset=utf-8
host: localhost:53421
accept: */*

Response DefaultHttpResponse(decodeResult: success, version: HTTP/1.1)
HTTP/1.1 200 OK
Content-Type: application/json; charset=utf-8
cache-control: no-cache
content-length: 793

[DEBUG] Adding key: http://localhost:53421 for channel [id: 0x70789703, L:/127.0.0.1:63668 - R:localhost/127.0.0.1:53421]
[DEBUG] Entry count for : http://localhost:53421 : 1
[DEBUG] Using new Channel &apos;[id: 0xdb84e556, L:/127.0.0.1:63676 - R:localhost/127.0.0.1:63669]&apos; for &apos;GET&apos; to &apos;/json/version&apos;
[DEBUG] 

Request DefaultFullHttpRequest(decodeResult: success, version: HTTP/1.1, content: EmptyByteBufBE)
GET /json/version HTTP/1.1
User-Agent: selenium/4.5.0 (java windows)
host: localhost:63669
accept: */*

Response DefaultHttpResponse(decodeResult: success, version: HTTP/1.1)
HTTP/1.1 200 OK
Content-Type: application/json; charset=UTF-8
content-length: 426

[DEBUG] Adding key: http://localhost:63669 for channel [id: 0xdb84e556, L:/127.0.0.1:63676 - R:localhost/127.0.0.1:63669]
[DEBUG] -Dio.netty.initialSeedUniquifier: 0x15909aaf32464135
[DEBUG] Using new Channel &apos;[id: 0x937be776, L:/127.0.0.1:63677 - R:localhost/127.0.0.1:63669]&apos; for &apos;GET&apos; to &apos;/devtools/browser/311d95cb-cf8e-4b3b-a2aa-b89be8e870a3&apos;
[DEBUG] 

Request DefaultFullHttpRequest(decodeResult: success, version: HTTP/1.1, content: EmptyByteBufBE)
GET /devtools/browser/311d95cb-cf8e-4b3b-a2aa-b89be8e870a3 HTTP/1.1
upgrade: websocket
connection: upgrade
sec-websocket-key: NOXCOtZBwcJ5MjyMOp9h2Q==
sec-websocket-version: 13
origin: http://localhost:63669
host: localhost:63669
accept: */*
user-agent: AHC/2.1

Response DefaultHttpResponse(decodeResult: success, version: HTTP/1.1)
HTTP/1.1 101 WebSocket Protocol Handshake
Upgrade: WebSocket
Connection: Upgrade
Sec-WebSocket-Accept: OFCDhHrtmAAk6fydLJb1TBvYDv0=

[DEBUG] Using pooled Channel &apos;[id: 0x70789703, L:/127.0.0.1:63668 - R:localhost/127.0.0.1:53421]&apos; for &apos;POST&apos; to &apos;http://localhost:53421/session/b37c6993f4ba0d7f18ba1970c0324dd3/url&apos;
[DEBUG] Using open Channel [id: 0x70789703, L:/127.0.0.1:63668 - R:localhost/127.0.0.1:53421] for POST &apos;/session/b37c6993f4ba0d7f18ba1970c0324dd3/url&apos;
[DEBUG] Entry count for : http://localhost:63669 : 1
[DEBUG] Entry count for : http://localhost:63669 : 1
[DEBUG] 

Request DefaultHttpRequest(decodeResult: success, version: HTTP/1.1)
POST /session/b37c6993f4ba0d7f18ba1970c0324dd3/url HTTP/1.1
User-Agent: selenium/4.5.0 (java windows)
Content-Length: 51
Content-Type: application/json; charset=utf-8
host: localhost:53421
accept: */*

Response DefaultHttpResponse(decodeResult: success, version: HTTP/1.1)
HTTP/1.1 200 OK
Content-Type: application/json; charset=utf-8
cache-control: no-cache
content-length: 14

[DEBUG] Adding key: http://localhost:53421 for channel [id: 0x70789703, L:/127.0.0.1:63668 - R:localhost/127.0.0.1:53421]
[DEBUG] Using pooled Channel &apos;[id: 0x70789703, L:/127.0.0.1:63668 - R:localhost/127.0.0.1:53421]&apos; for &apos;POST&apos; to &apos;http://localhost:53421/session/b37c6993f4ba0d7f18ba1970c0324dd3/window/maximize&apos;
[DEBUG] Using open Channel [id: 0x70789703, L:/127.0.0.1:63668 - R:localhost/127.0.0.1:53421] for POST &apos;/session/b37c6993f4ba0d7f18ba1970c0324dd3/window/maximize&apos;
[DEBUG] Entry count for : http://localhost:63669 : 1
[DEBUG] 

Request DefaultHttpRequest(decodeResult: success, version: HTTP/1.1)
POST /session/b37c6993f4ba0d7f18ba1970c0324dd3/window/maximize HTTP/1.1
User-Agent: selenium/4.5.0 (java windows)
Content-Length: 3
Content-Type: application/json; charset=utf-8
host: localhost:53421
accept: */*

Response DefaultHttpResponse(decodeResult: success, version: HTTP/1.1)
HTTP/1.1 200 OK
Content-Type: application/json; charset=utf-8
cache-control: no-cache
content-length: 51

[DEBUG] Adding key: http://localhost:53421 for channel [id: 0x70789703, L:/127.0.0.1:63668 - R:localhost/127.0.0.1:53421]
[DEBUG] Using pooled Channel &apos;[id: 0x70789703, L:/127.0.0.1:63668 - R:localhost/127.0.0.1:53421]&apos; for &apos;POST&apos; to &apos;http://localhost:53421/session/b37c6993f4ba0d7f18ba1970c0324dd3/element&apos;
[DEBUG] Using open Channel [id: 0x70789703, L:/127.0.0.1:63668 - R:localhost/127.0.0.1:53421] for POST &apos;/session/b37c6993f4ba0d7f18ba1970c0324dd3/element&apos;
[DEBUG] 

Request DefaultHttpRequest(decodeResult: success, version: HTTP/1.1)
POST /session/b37c6993f4ba0d7f18ba1970c0324dd3/element HTTP/1.1
User-Agent: selenium/4.5.0 (java windows)
Content-Length: 53
Content-Type: application/json; charset=utf-8
host: localhost:53421
accept: */*

Response DefaultHttpResponse(decodeResult: success, version: HTTP/1.1)
HTTP/1.1 200 OK
Content-Type: application/json; charset=utf-8
cache-control: no-cache
content-length: 88

[DEBUG] Adding key: http://localhost:53421 for channel [id: 0x70789703, L:/127.0.0.1:63668 - R:localhost/127.0.0.1:53421]
[DEBUG] Using pooled Channel &apos;[id: 0x70789703, L:/127.0.0.1:63668 - R:localhost/127.0.0.1:53421]&apos; for &apos;POST&apos; to &apos;http://localhost:53421/session/b37c6993f4ba0d7f18ba1970c0324dd3/element/70b65684-0010-4e9d-b93f-362f13149781/clear&apos;
[DEBUG] Using open Channel [id: 0x70789703, L:/127.0.0.1:63668 - R:localhost/127.0.0.1:53421] for POST &apos;/session/b37c6993f4ba0d7f18ba1970c0324dd3/element/70b65684-0010-4e9d-b93f-362f13149781/clear&apos;
[DEBUG] 

Request DefaultHttpRequest(decodeResult: success, version: HTTP/1.1)
POST /session/b37c6993f4ba0d7f18ba1970c0324dd3/element/70b65684-0010-4e9d-b93f-362f13149781/clear HTTP/1.1
User-Agent: selenium/4.5.0 (java windows)
Content-Length: 50
Content-Type: application/json; charset=utf-8
host: localhost:53421
accept: */*

Response DefaultHttpResponse(decodeResult: success, version: HTTP/1.1)
HTTP/1.1 200 OK
Content-Type: application/json; charset=utf-8
cache-control: no-cache
content-length: 14

[DEBUG] Adding key: http://localhost:53421 for channel [id: 0x70789703, L:/127.0.0.1:63668 - R:localhost/127.0.0.1:53421]
[DEBUG] Using pooled Channel &apos;[id: 0x70789703, L:/127.0.0.1:63668 - R:localhost/127.0.0.1:53421]&apos; for &apos;POST&apos; to &apos;http://localhost:53421/session/b37c6993f4ba0d7f18ba1970c0324dd3/element/70b65684-0010-4e9d-b93f-362f13149781/value&apos;
[DEBUG] Using open Channel [id: 0x70789703, L:/127.0.0.1:63668 - R:localhost/127.0.0.1:53421] for POST &apos;/session/b37c6993f4ba0d7f18ba1970c0324dd3/element/70b65684-0010-4e9d-b93f-362f13149781/value&apos;
[DEBUG] 

Request DefaultHttpRequest(decodeResult: success, version: HTTP/1.1)
POST /session/b37c6993f4ba0d7f18ba1970c0324dd3/element/70b65684-0010-4e9d-b93f-362f13149781/value HTTP/1.1
User-Agent: selenium/4.5.0 (java windows)
Content-Length: 181
Content-Type: application/json; charset=utf-8
host: localhost:53421
accept: */*

Response DefaultHttpResponse(decodeResult: success, version: HTTP/1.1)
HTTP/1.1 200 OK
Content-Type: application/json; charset=utf-8
cache-control: no-cache
content-length: 14

[DEBUG] Adding key: http://localhost:53421 for channel [id: 0x70789703, L:/127.0.0.1:63668 - R:localhost/127.0.0.1:53421]
[DEBUG] Using pooled Channel &apos;[id: 0x70789703, L:/127.0.0.1:63668 - R:localhost/127.0.0.1:53421]&apos; for &apos;POST&apos; to &apos;http://localhost:53421/session/b37c6993f4ba0d7f18ba1970c0324dd3/element&apos;
[DEBUG] Using open Channel [id: 0x70789703, L:/127.0.0.1:63668 - R:localhost/127.0.0.1:53421] for POST &apos;/session/b37c6993f4ba0d7f18ba1970c0324dd3/element&apos;
[DEBUG] 

Request DefaultHttpRequest(decodeResult: success, version: HTTP/1.1)
POST /session/b37c6993f4ba0d7f18ba1970c0324dd3/element HTTP/1.1
User-Agent: selenium/4.5.0 (java windows)
Content-Length: 62
Content-Type: application/json; charset=utf-8
host: localhost:53421
accept: */*

Response DefaultHttpResponse(decodeResult: success, version: HTTP/1.1)
HTTP/1.1 200 OK
Content-Type: application/json; charset=utf-8
cache-control: no-cache
content-length: 88

[DEBUG] Adding key: http://localhost:53421 for channel [id: 0x70789703, L:/127.0.0.1:63668 - R:localhost/127.0.0.1:53421]
[DEBUG] Using pooled Channel &apos;[id: 0x70789703, L:/127.0.0.1:63668 - R:localhost/127.0.0.1:53421]&apos; for &apos;POST&apos; to &apos;http://localhost:53421/session/b37c6993f4ba0d7f18ba1970c0324dd3/element/58ce4458-30ad-49ea-9dc1-41fc82fd5185/clear&apos;
[DEBUG] Using open Channel [id: 0x70789703, L:/127.0.0.1:63668 - R:localhost/127.0.0.1:53421] for POST &apos;/session/b37c6993f4ba0d7f18ba1970c0324dd3/element/58ce4458-30ad-49ea-9dc1-41fc82fd5185/clear&apos;
[DEBUG] 

Request DefaultHttpRequest(decodeResult: success, version: HTTP/1.1)
POST /session/b37c6993f4ba0d7f18ba1970c0324dd3/element/58ce4458-30ad-49ea-9dc1-41fc82fd5185/clear HTTP/1.1
User-Agent: selenium/4.5.0 (java windows)
Content-Length: 50
Content-Type: application/json; charset=utf-8
host: localhost:53421
accept: */*

Response DefaultHttpResponse(decodeResult: success, version: HTTP/1.1)
HTTP/1.1 200 OK
Content-Type: application/json; charset=utf-8
cache-control: no-cache
content-length: 14

[DEBUG] Adding key: http://localhost:53421 for channel [id: 0x70789703, L:/127.0.0.1:63668 - R:localhost/127.0.0.1:53421]
[DEBUG] Using pooled Channel &apos;[id: 0x70789703, L:/127.0.0.1:63668 - R:localhost/127.0.0.1:53421]&apos; for &apos;POST&apos; to &apos;http://localhost:53421/session/b37c6993f4ba0d7f18ba1970c0324dd3/element&apos;
[DEBUG] Using open Channel [id: 0x70789703, L:/127.0.0.1:63668 - R:localhost/127.0.0.1:53421] for POST &apos;/session/b37c6993f4ba0d7f18ba1970c0324dd3/element&apos;
[DEBUG] Entry count for : http://localhost:63669 : 1
[DEBUG] 

Request DefaultHttpRequest(decodeResult: success, version: HTTP/1.1)
POST /session/b37c6993f4ba0d7f18ba1970c0324dd3/element HTTP/1.1
User-Agent: selenium/4.5.0 (java windows)
Content-Length: 62
Content-Type: application/json; charset=utf-8
host: localhost:53421
accept: */*

Response DefaultHttpResponse(decodeResult: success, version: HTTP/1.1)
HTTP/1.1 200 OK
Content-Type: application/json; charset=utf-8
cache-control: no-cache
content-length: 88

[DEBUG] Adding key: http://localhost:53421 for channel [id: 0x70789703, L:/127.0.0.1:63668 - R:localhost/127.0.0.1:53421]
[DEBUG] Using pooled Channel &apos;[id: 0x70789703, L:/127.0.0.1:63668 - R:localhost/127.0.0.1:53421]&apos; for &apos;POST&apos; to &apos;http://localhost:53421/session/b37c6993f4ba0d7f18ba1970c0324dd3/element/58ce4458-30ad-49ea-9dc1-41fc82fd5185/value&apos;
[DEBUG] Using open Channel [id: 0x70789703, L:/127.0.0.1:63668 - R:localhost/127.0.0.1:53421] for POST &apos;/session/b37c6993f4ba0d7f18ba1970c0324dd3/element/58ce4458-30ad-49ea-9dc1-41fc82fd5185/value&apos;
[DEBUG] 

Request DefaultHttpRequest(decodeResult: success, version: HTTP/1.1)
POST /session/b37c6993f4ba0d7f18ba1970c0324dd3/element/58ce4458-30ad-49ea-9dc1-41fc82fd5185/value HTTP/1.1
User-Agent: selenium/4.5.0 (java windows)
Content-Length: 161
Content-Type: application/json; charset=utf-8
host: localhost:53421
accept: */*

Response DefaultHttpResponse(decodeResult: success, version: HTTP/1.1)
HTTP/1.1 200 OK
Content-Type: application/json; charset=utf-8
cache-control: no-cache
content-length: 14

[DEBUG] Adding key: http://localhost:53421 for channel [id: 0x70789703, L:/127.0.0.1:63668 - R:localhost/127.0.0.1:53421]
[DEBUG] Using pooled Channel &apos;[id: 0x70789703, L:/127.0.0.1:63668 - R:localhost/127.0.0.1:53421]&apos; for &apos;POST&apos; to &apos;http://localhost:53421/session/b37c6993f4ba0d7f18ba1970c0324dd3/element&apos;
[DEBUG] Using open Channel [id: 0x70789703, L:/127.0.0.1:63668 - R:localhost/127.0.0.1:53421] for POST &apos;/session/b37c6993f4ba0d7f18ba1970c0324dd3/element&apos;
[DEBUG] 

Request DefaultHttpRequest(decodeResult: success, version: HTTP/1.1)
POST /session/b37c6993f4ba0d7f18ba1970c0324dd3/element HTTP/1.1
User-Agent: selenium/4.5.0 (java windows)
Content-Length: 53
Content-Type: application/json; charset=utf-8
host: localhost:53421
accept: */*

Response DefaultHttpResponse(decodeResult: success, version: HTTP/1.1)
HTTP/1.1 200 OK
Content-Type: application/json; charset=utf-8
cache-control: no-cache
content-length: 88

[DEBUG] Adding key: http://localhost:53421 for channel [id: 0x70789703, L:/127.0.0.1:63668 - R:localhost/127.0.0.1:53421]
[DEBUG] Using pooled Channel &apos;[id: 0x70789703, L:/127.0.0.1:63668 - R:localhost/127.0.0.1:53421]&apos; for &apos;POST&apos; to &apos;http://localhost:53421/session/b37c6993f4ba0d7f18ba1970c0324dd3/element/70b65684-0010-4e9d-b93f-362f13149781/clear&apos;
[DEBUG] Using open Channel [id: 0x70789703, L:/127.0.0.1:63668 - R:localhost/127.0.0.1:53421] for POST &apos;/session/b37c6993f4ba0d7f18ba1970c0324dd3/element/70b65684-0010-4e9d-b93f-362f13149781/clear&apos;
[DEBUG] 

Request DefaultHttpRequest(decodeResult: success, version: HTTP/1.1)
POST /session/b37c6993f4ba0d7f18ba1970c0324dd3/element/70b65684-0010-4e9d-b93f-362f13149781/clear HTTP/1.1
User-Agent: selenium/4.5.0 (java windows)
Content-Length: 50
Content-Type: application/json; charset=utf-8
host: localhost:53421
accept: */*

Response DefaultHttpResponse(decodeResult: success, version: HTTP/1.1)
HTTP/1.1 200 OK
Content-Type: application/json; charset=utf-8
cache-control: no-cache
content-length: 14

[DEBUG] Adding key: http://localhost:53421 for channel [id: 0x70789703, L:/127.0.0.1:63668 - R:localhost/127.0.0.1:53421]
[DEBUG] Using pooled Channel &apos;[id: 0x70789703, L:/127.0.0.1:63668 - R:localhost/127.0.0.1:53421]&apos; for &apos;POST&apos; to &apos;http://localhost:53421/session/b37c6993f4ba0d7f18ba1970c0324dd3/element/70b65684-0010-4e9d-b93f-362f13149781/value&apos;
[DEBUG] Using open Channel [id: 0x70789703, L:/127.0.0.1:63668 - R:localhost/127.0.0.1:53421] for POST &apos;/session/b37c6993f4ba0d7f18ba1970c0324dd3/element/70b65684-0010-4e9d-b93f-362f13149781/value&apos;
[DEBUG] 

Request DefaultHttpRequest(decodeResult: success, version: HTTP/1.1)
POST /session/b37c6993f4ba0d7f18ba1970c0324dd3/element/70b65684-0010-4e9d-b93f-362f13149781/value HTTP/1.1
User-Agent: selenium/4.5.0 (java windows)
Content-Length: 171
Content-Type: application/json; charset=utf-8
host: localhost:53421
accept: */*

Response DefaultHttpResponse(decodeResult: success, version: HTTP/1.1)
HTTP/1.1 200 OK
Content-Type: application/json; charset=utf-8
cache-control: no-cache
content-length: 14

[DEBUG] Adding key: http://localhost:53421 for channel [id: 0x70789703, L:/127.0.0.1:63668 - R:localhost/127.0.0.1:53421]
[DEBUG] Using pooled Channel &apos;[id: 0x70789703, L:/127.0.0.1:63668 - R:localhost/127.0.0.1:53421]&apos; for &apos;POST&apos; to &apos;http://localhost:53421/session/b37c6993f4ba0d7f18ba1970c0324dd3/element&apos;
[DEBUG] Using open Channel [id: 0x70789703, L:/127.0.0.1:63668 - R:localhost/127.0.0.1:53421] for POST &apos;/session/b37c6993f4ba0d7f18ba1970c0324dd3/element&apos;
[DEBUG] 

Request DefaultHttpRequest(decodeResult: success, version: HTTP/1.1)
POST /session/b37c6993f4ba0d7f18ba1970c0324dd3/element HTTP/1.1
User-Agent: selenium/4.5.0 (java windows)
Content-Length: 62
Content-Type: application/json; charset=utf-8
host: localhost:53421
accept: */*

Response DefaultHttpResponse(decodeResult: success, version: HTTP/1.1)
HTTP/1.1 200 OK
Content-Type: application/json; charset=utf-8
cache-control: no-cache
content-length: 88

[DEBUG] Adding key: http://localhost:53421 for channel [id: 0x70789703, L:/127.0.0.1:63668 - R:localhost/127.0.0.1:53421]
[DEBUG] Using pooled Channel &apos;[id: 0x70789703, L:/127.0.0.1:63668 - R:localhost/127.0.0.1:53421]&apos; for &apos;POST&apos; to &apos;http://localhost:53421/session/b37c6993f4ba0d7f18ba1970c0324dd3/element/58ce4458-30ad-49ea-9dc1-41fc82fd5185/clear&apos;
[DEBUG] Using open Channel [id: 0x70789703, L:/127.0.0.1:63668 - R:localhost/127.0.0.1:53421] for POST &apos;/session/b37c6993f4ba0d7f18ba1970c0324dd3/element/58ce4458-30ad-49ea-9dc1-41fc82fd5185/clear&apos;
[DEBUG] 

Request DefaultHttpRequest(decodeResult: success, version: HTTP/1.1)
POST /session/b37c6993f4ba0d7f18ba1970c0324dd3/element/58ce4458-30ad-49ea-9dc1-41fc82fd5185/clear HTTP/1.1
User-Agent: selenium/4.5.0 (java windows)
Content-Length: 50
Content-Type: application/json; charset=utf-8
host: localhost:53421
accept: */*

Response DefaultHttpResponse(decodeResult: success, version: HTTP/1.1)
HTTP/1.1 200 OK
Content-Type: application/json; charset=utf-8
cache-control: no-cache
content-length: 14

[DEBUG] Adding key: http://localhost:53421 for channel [id: 0x70789703, L:/127.0.0.1:63668 - R:localhost/127.0.0.1:53421]
[DEBUG] Using pooled Channel &apos;[id: 0x70789703, L:/127.0.0.1:63668 - R:localhost/127.0.0.1:53421]&apos; for &apos;POST&apos; to &apos;http://localhost:53421/session/b37c6993f4ba0d7f18ba1970c0324dd3/element&apos;
[DEBUG] Using open Channel [id: 0x70789703, L:/127.0.0.1:63668 - R:localhost/127.0.0.1:53421] for POST &apos;/session/b37c6993f4ba0d7f18ba1970c0324dd3/element&apos;
[DEBUG] 

Request DefaultHttpRequest(decodeResult: success, version: HTTP/1.1)
POST /session/b37c6993f4ba0d7f18ba1970c0324dd3/element HTTP/1.1
User-Agent: selenium/4.5.0 (java windows)
Content-Length: 62
Content-Type: application/json; charset=utf-8
host: localhost:53421
accept: */*

Response DefaultHttpResponse(decodeResult: success, version: HTTP/1.1)
HTTP/1.1 200 OK
Content-Type: application/json; charset=utf-8
cache-control: no-cache
content-length: 88

[DEBUG] Adding key: http://localhost:53421 for channel [id: 0x70789703, L:/127.0.0.1:63668 - R:localhost/127.0.0.1:53421]
[DEBUG] Using pooled Channel &apos;[id: 0x70789703, L:/127.0.0.1:63668 - R:localhost/127.0.0.1:53421]&apos; for &apos;POST&apos; to &apos;http://localhost:53421/session/b37c6993f4ba0d7f18ba1970c0324dd3/element/58ce4458-30ad-49ea-9dc1-41fc82fd5185/value&apos;
[DEBUG] Using open Channel [id: 0x70789703, L:/127.0.0.1:63668 - R:localhost/127.0.0.1:53421] for POST &apos;/session/b37c6993f4ba0d7f18ba1970c0324dd3/element/58ce4458-30ad-49ea-9dc1-41fc82fd5185/value&apos;
[DEBUG] 

Request DefaultHttpRequest(decodeResult: success, version: HTTP/1.1)
POST /session/b37c6993f4ba0d7f18ba1970c0324dd3/element/58ce4458-30ad-49ea-9dc1-41fc82fd5185/value HTTP/1.1
User-Agent: selenium/4.5.0 (java windows)
Content-Length: 201
Content-Type: application/json; charset=utf-8
host: localhost:53421
accept: */*

Response DefaultHttpResponse(decodeResult: success, version: HTTP/1.1)
HTTP/1.1 200 OK
Content-Type: application/json; charset=utf-8
cache-control: no-cache
content-length: 14

[DEBUG] Adding key: http://localhost:53421 for channel [id: 0x70789703, L:/127.0.0.1:63668 - R:localhost/127.0.0.1:53421]
[DEBUG] Using pooled Channel &apos;[id: 0x70789703, L:/127.0.0.1:63668 - R:localhost/127.0.0.1:53421]&apos; for &apos;POST&apos; to &apos;http://localhost:53421/session/b37c6993f4ba0d7f18ba1970c0324dd3/element&apos;
[DEBUG] Using open Channel [id: 0x70789703, L:/127.0.0.1:63668 - R:localhost/127.0.0.1:53421] for POST &apos;/session/b37c6993f4ba0d7f18ba1970c0324dd3/element&apos;
[DEBUG] 

Request DefaultHttpRequest(decodeResult: success, version: HTTP/1.1)
POST /session/b37c6993f4ba0d7f18ba1970c0324dd3/element HTTP/1.1
User-Agent: selenium/4.5.0 (java windows)
Content-Length: 57
Content-Type: application/json; charset=utf-8
host: localhost:53421
accept: */*

Response DefaultHttpResponse(decodeResult: success, version: HTTP/1.1)
HTTP/1.1 200 OK
Content-Type: application/json; charset=utf-8
cache-control: no-cache
content-length: 88

[DEBUG] Adding key: http://localhost:53421 for channel [id: 0x70789703, L:/127.0.0.1:63668 - R:localhost/127.0.0.1:53421]
[DEBUG] Using pooled Channel &apos;[id: 0x70789703, L:/127.0.0.1:63668 - R:localhost/127.0.0.1:53421]&apos; for &apos;POST&apos; to &apos;http://localhost:53421/session/b37c6993f4ba0d7f18ba1970c0324dd3/element/77e9a0c7-b545-4493-af5b-b7785a24dc78/click&apos;
[DEBUG] Using open Channel [id: 0x70789703, L:/127.0.0.1:63668 - R:localhost/127.0.0.1:53421] for POST &apos;/session/b37c6993f4ba0d7f18ba1970c0324dd3/element/77e9a0c7-b545-4493-af5b-b7785a24dc78/click&apos;
[DEBUG] Entry count for : http://localhost:63669 : 1
[DEBUG] Entry count for : http://localhost:63669 : 1
[DEBUG] 

Request DefaultHttpRequest(decodeResult: success, version: HTTP/1.1)
POST /session/b37c6993f4ba0d7f18ba1970c0324dd3/element/77e9a0c7-b545-4493-af5b-b7785a24dc78/click HTTP/1.1
User-Agent: selenium/4.5.0 (java windows)
Content-Length: 50
Content-Type: application/json; charset=utf-8
host: localhost:53421
accept: */*

Response DefaultHttpResponse(decodeResult: success, version: HTTP/1.1)
HTTP/1.1 200 OK
Content-Type: application/json; charset=utf-8
cache-control: no-cache
content-length: 14

[DEBUG] Adding key: http://localhost:53421 for channel [id: 0x70789703, L:/127.0.0.1:63668 - R:localhost/127.0.0.1:53421]
[DEBUG] Using pooled Channel &apos;[id: 0x70789703, L:/127.0.0.1:63668 - R:localhost/127.0.0.1:53421]&apos; for &apos;POST&apos; to &apos;http://localhost:53421/session/b37c6993f4ba0d7f18ba1970c0324dd3/element&apos;
[DEBUG] Using open Channel [id: 0x70789703, L:/127.0.0.1:63668 - R:localhost/127.0.0.1:53421] for POST &apos;/session/b37c6993f4ba0d7f18ba1970c0324dd3/element&apos;
[DEBUG] 

Request DefaultHttpRequest(decodeResult: success, version: HTTP/1.1)
POST /session/b37c6993f4ba0d7f18ba1970c0324dd3/element HTTP/1.1
User-Agent: selenium/4.5.0 (java windows)
Content-Length: 67
Content-Type: application/json; charset=utf-8
host: localhost:53421
accept: */*

Response DefaultHttpResponse(decodeResult: success, version: HTTP/1.1)
HTTP/1.1 200 OK
Content-Type: application/json; charset=utf-8
cache-control: no-cache
content-length: 88

[DEBUG] Adding key: http://localhost:53421 for channel [id: 0x70789703, L:/127.0.0.1:63668 - R:localhost/127.0.0.1:53421]
[DEBUG] Using pooled Channel &apos;[id: 0x70789703, L:/127.0.0.1:63668 - R:localhost/127.0.0.1:53421]&apos; for &apos;POST&apos; to &apos;http://localhost:53421/session/b37c6993f4ba0d7f18ba1970c0324dd3/execute/sync&apos;
[DEBUG] Using open Channel [id: 0x70789703, L:/127.0.0.1:63668 - R:localhost/127.0.0.1:53421] for POST &apos;/session/b37c6993f4ba0d7f18ba1970c0324dd3/execute/sync&apos;
[DEBUG] 

Request DefaultHttpRequest(decodeResult: success, version: HTTP/1.1)
POST /session/b37c6993f4ba0d7f18ba1970c0324dd3/execute/sync HTTP/1.1
User-Agent: selenium/4.5.0 (java windows)
Content-Length: 47340
Content-Type: application/json; charset=utf-8
host: localhost:53421
accept: */*

Response DefaultHttpResponse(decodeResult: success, version: HTTP/1.1)
HTTP/1.1 200 OK
Content-Type: application/json; charset=utf-8
cache-control: no-cache
content-length: 28

[DEBUG] Adding key: http://localhost:53421 for channel [id: 0x70789703, L:/127.0.0.1:63668 - R:localhost/127.0.0.1:53421]
</system-out>
    <system-err>Starting ChromeDriver 102.0.5005.61 (0e59bcc00cc4985ce39ad31c150065f159d95ad3-refs/branch-heads/5005@{#819}) on port 53421
Only local connections are allowed.
Please see https://chromedriver.chromium.org/security-considerations for suggestions on keeping ChromeDriver safe.
ChromeDriver was started successfully.
Oct 28, 2022 5:32:54 PM org.openqa.selenium.remote.ProtocolHandshake createSession
INFO: Detected upstream dialect: W3C
Oct 28, 2022 5:32:55 PM org.openqa.selenium.devtools.CdpVersionFinder findNearestMatch
WARNING: Unable to find an exact match for CDP version 102, so returning the closest version found: a no-op implementation
Oct 28, 2022 5:32:55 PM org.openqa.selenium.devtools.CdpVersionFinder findNearestMatch
INFO: Unable to find CDP implementation matching 102.
Oct 28, 2022 5:32:55 PM org.openqa.selenium.chromium.ChromiumDriver lambda$new$3
WARNING: Unable to find version of CDP to use for . You may need to include a dependency on a specific version of the CDP using something similar to `org.seleniumhq.selenium:selenium-devtools-v86:4.5.0` where the version (&quot;v86&quot;) matches the version of the chromium-based browser you&apos;re using and the version number of the artifact is the same as Selenium&apos;s.
</system-err>
  </testcase>
  <testcase classname="HotelApp login #2" name="Login successful" time="10.332"/>
  <testcase classname="HotelApp login Param" name="Login successful" time="6.951"/>
  <testcase classname="HotelApp search" name="search hotel" time="14.321"/>
  <testcase classname="HotelApp search" name="select hotel" time="12.702"/>
  <testcase classname="HotelApp login #3" name="Login successful #1" time="7.904"/>
  <testcase classname="HotelApp login #3" name="Login successful #2" time="10.233">
    <failure message="expected:&lt;Hello [vasuvespag]!&gt; but was:&lt;Hello [aryan1207]!&gt;" type="org.junit.ComparisonFailure">org.junit.ComparisonFailure: expected:&lt;Hello [vasuvespag]!&gt; but was:&lt;Hello [aryan1207]!&gt;
	at org.junit.Assert.assertEquals(Assert.java:117)
	at org.junit.Assert.assertEquals(Assert.java:146)
	at com.stepDefinition.TestSteps.login_is_successful(TestSteps.java:60)
	at ✽.login is successful(file:///C:/Users/Administrator/JavaWorkspace/HotelAppCucumberDemo/Features/OutilneDemo.feature:9)
</failure>
    <system-out>[DEBUG] Entry count for : http://localhost:60002 : 1
[DEBUG] Entry count for : http://localhost:63851 : 1
[DEBUG] Entry count for : http://localhost:60571 : 1
[DEBUG] Entry count for : http://localhost:57133 : 1
[DEBUG] Entry count for : http://localhost:53421 : 1
[DEBUG] Entry count for : http://localhost:55016 : 1
[DEBUG] Entry count for : http://localhost:53548 : 1
[DEBUG] Entry count for : http://localhost:63715 : 1
[DEBUG] Entry count for : http://localhost:63746 : 1
[DEBUG] Entry count for : http://localhost:63822 : 1
[DEBUG] Entry count for : http://localhost:63787 : 1
[DEBUG] Using new Channel &apos;[id: 0xcaec34d8, L:/127.0.0.1:63879 - R:localhost/127.0.0.1:63168]&apos; for &apos;POST&apos; to &apos;/session&apos;
[DEBUG] Entry count for : http://localhost:60002 : 1
[DEBUG] Entry count for : http://localhost:63851 : 1
[DEBUG] Entry count for : http://localhost:60571 : 1
[DEBUG] Entry count for : http://localhost:57133 : 1
[DEBUG] Entry count for : http://localhost:53421 : 1
[DEBUG] Entry count for : http://localhost:55016 : 1
[DEBUG] Entry count for : http://localhost:53548 : 1
[DEBUG] Entry count for : http://localhost:63715 : 1
[DEBUG] Entry count for : http://localhost:63746 : 1
[DEBUG] Entry count for : http://localhost:63822 : 1
[DEBUG] Entry count for : http://localhost:63787 : 1
[DEBUG] Entry count for : http://localhost:60002 : 1
[DEBUG] Entry count for : http://localhost:63851 : 1
[DEBUG] Entry count for : http://localhost:60571 : 1
[DEBUG] Entry count for : http://localhost:57133 : 1
[DEBUG] Entry count for : http://localhost:53421 : 1
[DEBUG] Entry count for : http://localhost:55016 : 1
[DEBUG] Entry count for : http://localhost:53548 : 1
[DEBUG] Entry count for : http://localhost:63715 : 1
[DEBUG] Entry count for : http://localhost:63746 : 1
[DEBUG] Entry count for : http://localhost:63822 : 1
[DEBUG] Entry count for : http://localhost:63787 : 1
[DEBUG] 

Request DefaultHttpRequest(decodeResult: success, version: HTTP/1.1)
POST /session HTTP/1.1
User-Agent: selenium/4.5.0 (java windows)
Content-Length: 365
Content-Type: application/json; charset=utf-8
host: localhost:63168
accept: */*

Response DefaultHttpResponse(decodeResult: success, version: HTTP/1.1)
HTTP/1.1 200 OK
Content-Type: application/json; charset=utf-8
cache-control: no-cache
content-length: 793

[DEBUG] Adding key: http://localhost:63168 for channel [id: 0xcaec34d8, L:/127.0.0.1:63879 - R:localhost/127.0.0.1:63168]
[DEBUG] Using new Channel &apos;[id: 0x5dab9c6d, L:/127.0.0.1:63887 - R:localhost/127.0.0.1:63880]&apos; for &apos;GET&apos; to &apos;/json/version&apos;
[DEBUG] 

Request DefaultFullHttpRequest(decodeResult: success, version: HTTP/1.1, content: EmptyByteBufBE)
GET /json/version HTTP/1.1
User-Agent: selenium/4.5.0 (java windows)
host: localhost:63880
accept: */*

Response DefaultHttpResponse(decodeResult: success, version: HTTP/1.1)
HTTP/1.1 200 OK
Content-Type: application/json; charset=UTF-8
content-length: 426

[DEBUG] Adding key: http://localhost:63880 for channel [id: 0x5dab9c6d, L:/127.0.0.1:63887 - R:localhost/127.0.0.1:63880]
[DEBUG] Using new Channel &apos;[id: 0x295d1cf4, L:/127.0.0.1:63888 - R:localhost/127.0.0.1:63880]&apos; for &apos;GET&apos; to &apos;/devtools/browser/b6f88884-e6ee-4845-bbd9-4371930ad5ab&apos;
[DEBUG] 

Request DefaultFullHttpRequest(decodeResult: success, version: HTTP/1.1, content: EmptyByteBufBE)
GET /devtools/browser/b6f88884-e6ee-4845-bbd9-4371930ad5ab HTTP/1.1
upgrade: websocket
connection: upgrade
sec-websocket-key: ADO5hZZjefQZzey+DgCCdg==
sec-websocket-version: 13
origin: http://localhost:63880
host: localhost:63880
accept: */*
user-agent: AHC/2.1

Response DefaultHttpResponse(decodeResult: success, version: HTTP/1.1)
HTTP/1.1 101 WebSocket Protocol Handshake
Upgrade: WebSocket
Connection: Upgrade
Sec-WebSocket-Accept: x6GbhPAEAfxGnZYiq8/fMB/eqK0=

[DEBUG] Using pooled Channel &apos;[id: 0xcaec34d8, L:/127.0.0.1:63879 - R:localhost/127.0.0.1:63168]&apos; for &apos;POST&apos; to &apos;http://localhost:63168/session/4b9f42a97941f9bf341dcf234c42ebe0/url&apos;
[DEBUG] Using open Channel [id: 0xcaec34d8, L:/127.0.0.1:63879 - R:localhost/127.0.0.1:63168] for POST &apos;/session/4b9f42a97941f9bf341dcf234c42ebe0/url&apos;
[DEBUG] Entry count for : http://localhost:60002 : 1
[DEBUG] Entry count for : http://localhost:63851 : 1
[DEBUG] Entry count for : http://localhost:60571 : 1
[DEBUG] Entry count for : http://localhost:57133 : 1
[DEBUG] Entry count for : http://localhost:63880 : 1
[DEBUG] Entry count for : http://localhost:53421 : 1
[DEBUG] Entry count for : http://localhost:55016 : 1
[DEBUG] Entry count for : http://localhost:53548 : 1
[DEBUG] Entry count for : http://localhost:63715 : 1
[DEBUG] Entry count for : http://localhost:63746 : 1
[DEBUG] Entry count for : http://localhost:63822 : 1
[DEBUG] Entry count for : http://localhost:63787 : 1
[DEBUG] Entry count for : http://localhost:60002 : 1
[DEBUG] Entry count for : http://localhost:63851 : 1
[DEBUG] Entry count for : http://localhost:60571 : 1
[DEBUG] Entry count for : http://localhost:57133 : 1
[DEBUG] Entry count for : http://localhost:63880 : 1
[DEBUG] Entry count for : http://localhost:53421 : 1
[DEBUG] Entry count for : http://localhost:55016 : 1
[DEBUG] Entry count for : http://localhost:53548 : 1
[DEBUG] Entry count for : http://localhost:63715 : 1
[DEBUG] Entry count for : http://localhost:63746 : 1
[DEBUG] Entry count for : http://localhost:63822 : 1
[DEBUG] Entry count for : http://localhost:63787 : 1
[DEBUG] Entry count for : http://localhost:60002 : 1
[DEBUG] Entry count for : http://localhost:63851 : 1
[DEBUG] Entry count for : http://localhost:60571 : 1
[DEBUG] Entry count for : http://localhost:57133 : 1
[DEBUG] Entry count for : http://localhost:63880 : 1
[DEBUG] Entry count for : http://localhost:53421 : 1
[DEBUG] Entry count for : http://localhost:55016 : 1
[DEBUG] Entry count for : http://localhost:53548 : 1
[DEBUG] Entry count for : http://localhost:63715 : 1
[DEBUG] Entry count for : http://localhost:63746 : 1
[DEBUG] Entry count for : http://localhost:63822 : 1
[DEBUG] Entry count for : http://localhost:63787 : 1
[DEBUG] 

Request DefaultHttpRequest(decodeResult: success, version: HTTP/1.1)
POST /session/4b9f42a97941f9bf341dcf234c42ebe0/url HTTP/1.1
User-Agent: selenium/4.5.0 (java windows)
Content-Length: 51
Content-Type: application/json; charset=utf-8
host: localhost:63168
accept: */*

Response DefaultHttpResponse(decodeResult: success, version: HTTP/1.1)
HTTP/1.1 200 OK
Content-Type: application/json; charset=utf-8
cache-control: no-cache
content-length: 14

[DEBUG] Adding key: http://localhost:63168 for channel [id: 0xcaec34d8, L:/127.0.0.1:63879 - R:localhost/127.0.0.1:63168]
[DEBUG] Using pooled Channel &apos;[id: 0xcaec34d8, L:/127.0.0.1:63879 - R:localhost/127.0.0.1:63168]&apos; for &apos;POST&apos; to &apos;http://localhost:63168/session/4b9f42a97941f9bf341dcf234c42ebe0/window/maximize&apos;
[DEBUG] Using open Channel [id: 0xcaec34d8, L:/127.0.0.1:63879 - R:localhost/127.0.0.1:63168] for POST &apos;/session/4b9f42a97941f9bf341dcf234c42ebe0/window/maximize&apos;
[DEBUG] 

Request DefaultHttpRequest(decodeResult: success, version: HTTP/1.1)
POST /session/4b9f42a97941f9bf341dcf234c42ebe0/window/maximize HTTP/1.1
User-Agent: selenium/4.5.0 (java windows)
Content-Length: 3
Content-Type: application/json; charset=utf-8
host: localhost:63168
accept: */*

Response DefaultHttpResponse(decodeResult: success, version: HTTP/1.1)
HTTP/1.1 200 OK
Content-Type: application/json; charset=utf-8
cache-control: no-cache
content-length: 51

[DEBUG] Adding key: http://localhost:63168 for channel [id: 0xcaec34d8, L:/127.0.0.1:63879 - R:localhost/127.0.0.1:63168]
[DEBUG] Using pooled Channel &apos;[id: 0xcaec34d8, L:/127.0.0.1:63879 - R:localhost/127.0.0.1:63168]&apos; for &apos;POST&apos; to &apos;http://localhost:63168/session/4b9f42a97941f9bf341dcf234c42ebe0/element&apos;
[DEBUG] Using open Channel [id: 0xcaec34d8, L:/127.0.0.1:63879 - R:localhost/127.0.0.1:63168] for POST &apos;/session/4b9f42a97941f9bf341dcf234c42ebe0/element&apos;
[DEBUG] 

Request DefaultHttpRequest(decodeResult: success, version: HTTP/1.1)
POST /session/4b9f42a97941f9bf341dcf234c42ebe0/element HTTP/1.1
User-Agent: selenium/4.5.0 (java windows)
Content-Length: 53
Content-Type: application/json; charset=utf-8
host: localhost:63168
accept: */*

Response DefaultHttpResponse(decodeResult: success, version: HTTP/1.1)
HTTP/1.1 200 OK
Content-Type: application/json; charset=utf-8
cache-control: no-cache
content-length: 88

[DEBUG] Adding key: http://localhost:63168 for channel [id: 0xcaec34d8, L:/127.0.0.1:63879 - R:localhost/127.0.0.1:63168]
[DEBUG] Using pooled Channel &apos;[id: 0xcaec34d8, L:/127.0.0.1:63879 - R:localhost/127.0.0.1:63168]&apos; for &apos;POST&apos; to &apos;http://localhost:63168/session/4b9f42a97941f9bf341dcf234c42ebe0/element/f4fc3e9d-78a9-4c3d-9629-57378ff8c259/clear&apos;
[DEBUG] Using open Channel [id: 0xcaec34d8, L:/127.0.0.1:63879 - R:localhost/127.0.0.1:63168] for POST &apos;/session/4b9f42a97941f9bf341dcf234c42ebe0/element/f4fc3e9d-78a9-4c3d-9629-57378ff8c259/clear&apos;
[DEBUG] Entry count for : http://localhost:60002 : 1
[DEBUG] Entry count for : http://localhost:63851 : 1
[DEBUG] Entry count for : http://localhost:60571 : 1
[DEBUG] Entry count for : http://localhost:57133 : 1
[DEBUG] Entry count for : http://localhost:63880 : 1
[DEBUG] Entry count for : http://localhost:53421 : 1
[DEBUG] Entry count for : http://localhost:55016 : 1
[DEBUG] Entry count for : http://localhost:53548 : 1
[DEBUG] Entry count for : http://localhost:63715 : 1
[DEBUG] Entry count for : http://localhost:63746 : 1
[DEBUG] Entry count for : http://localhost:63822 : 1
[DEBUG] Entry count for : http://localhost:63787 : 1
[DEBUG] 

Request DefaultHttpRequest(decodeResult: success, version: HTTP/1.1)
POST /session/4b9f42a97941f9bf341dcf234c42ebe0/element/f4fc3e9d-78a9-4c3d-9629-57378ff8c259/clear HTTP/1.1
User-Agent: selenium/4.5.0 (java windows)
Content-Length: 50
Content-Type: application/json; charset=utf-8
host: localhost:63168
accept: */*

Response DefaultHttpResponse(decodeResult: success, version: HTTP/1.1)
HTTP/1.1 200 OK
Content-Type: application/json; charset=utf-8
cache-control: no-cache
content-length: 14

[DEBUG] Adding key: http://localhost:63168 for channel [id: 0xcaec34d8, L:/127.0.0.1:63879 - R:localhost/127.0.0.1:63168]
[DEBUG] Using pooled Channel &apos;[id: 0xcaec34d8, L:/127.0.0.1:63879 - R:localhost/127.0.0.1:63168]&apos; for &apos;POST&apos; to &apos;http://localhost:63168/session/4b9f42a97941f9bf341dcf234c42ebe0/element/f4fc3e9d-78a9-4c3d-9629-57378ff8c259/value&apos;
[DEBUG] Using open Channel [id: 0xcaec34d8, L:/127.0.0.1:63879 - R:localhost/127.0.0.1:63168] for POST &apos;/session/4b9f42a97941f9bf341dcf234c42ebe0/element/f4fc3e9d-78a9-4c3d-9629-57378ff8c259/value&apos;
[DEBUG] 

Request DefaultHttpRequest(decodeResult: success, version: HTTP/1.1)
POST /session/4b9f42a97941f9bf341dcf234c42ebe0/element/f4fc3e9d-78a9-4c3d-9629-57378ff8c259/value HTTP/1.1
User-Agent: selenium/4.5.0 (java windows)
Content-Length: 171
Content-Type: application/json; charset=utf-8
host: localhost:63168
accept: */*

Response DefaultHttpResponse(decodeResult: success, version: HTTP/1.1)
HTTP/1.1 200 OK
Content-Type: application/json; charset=utf-8
cache-control: no-cache
content-length: 14

[DEBUG] Adding key: http://localhost:63168 for channel [id: 0xcaec34d8, L:/127.0.0.1:63879 - R:localhost/127.0.0.1:63168]
[DEBUG] Using pooled Channel &apos;[id: 0xcaec34d8, L:/127.0.0.1:63879 - R:localhost/127.0.0.1:63168]&apos; for &apos;POST&apos; to &apos;http://localhost:63168/session/4b9f42a97941f9bf341dcf234c42ebe0/element&apos;
[DEBUG] Using open Channel [id: 0xcaec34d8, L:/127.0.0.1:63879 - R:localhost/127.0.0.1:63168] for POST &apos;/session/4b9f42a97941f9bf341dcf234c42ebe0/element&apos;
[DEBUG] 

Request DefaultHttpRequest(decodeResult: success, version: HTTP/1.1)
POST /session/4b9f42a97941f9bf341dcf234c42ebe0/element HTTP/1.1
User-Agent: selenium/4.5.0 (java windows)
Content-Length: 62
Content-Type: application/json; charset=utf-8
host: localhost:63168
accept: */*

Response DefaultHttpResponse(decodeResult: success, version: HTTP/1.1)
HTTP/1.1 200 OK
Content-Type: application/json; charset=utf-8
cache-control: no-cache
content-length: 88

[DEBUG] Adding key: http://localhost:63168 for channel [id: 0xcaec34d8, L:/127.0.0.1:63879 - R:localhost/127.0.0.1:63168]
[DEBUG] Using pooled Channel &apos;[id: 0xcaec34d8, L:/127.0.0.1:63879 - R:localhost/127.0.0.1:63168]&apos; for &apos;POST&apos; to &apos;http://localhost:63168/session/4b9f42a97941f9bf341dcf234c42ebe0/element/c30d4a7c-762d-4751-8d3f-4c4332abc44e/clear&apos;
[DEBUG] Using open Channel [id: 0xcaec34d8, L:/127.0.0.1:63879 - R:localhost/127.0.0.1:63168] for POST &apos;/session/4b9f42a97941f9bf341dcf234c42ebe0/element/c30d4a7c-762d-4751-8d3f-4c4332abc44e/clear&apos;
[DEBUG] 

Request DefaultHttpRequest(decodeResult: success, version: HTTP/1.1)
POST /session/4b9f42a97941f9bf341dcf234c42ebe0/element/c30d4a7c-762d-4751-8d3f-4c4332abc44e/clear HTTP/1.1
User-Agent: selenium/4.5.0 (java windows)
Content-Length: 50
Content-Type: application/json; charset=utf-8
host: localhost:63168
accept: */*

Response DefaultHttpResponse(decodeResult: success, version: HTTP/1.1)
HTTP/1.1 200 OK
Content-Type: application/json; charset=utf-8
cache-control: no-cache
content-length: 14

[DEBUG] Adding key: http://localhost:63168 for channel [id: 0xcaec34d8, L:/127.0.0.1:63879 - R:localhost/127.0.0.1:63168]
[DEBUG] Using pooled Channel &apos;[id: 0xcaec34d8, L:/127.0.0.1:63879 - R:localhost/127.0.0.1:63168]&apos; for &apos;POST&apos; to &apos;http://localhost:63168/session/4b9f42a97941f9bf341dcf234c42ebe0/element&apos;
[DEBUG] Using open Channel [id: 0xcaec34d8, L:/127.0.0.1:63879 - R:localhost/127.0.0.1:63168] for POST &apos;/session/4b9f42a97941f9bf341dcf234c42ebe0/element&apos;
[DEBUG] 

Request DefaultHttpRequest(decodeResult: success, version: HTTP/1.1)
POST /session/4b9f42a97941f9bf341dcf234c42ebe0/element HTTP/1.1
User-Agent: selenium/4.5.0 (java windows)
Content-Length: 62
Content-Type: application/json; charset=utf-8
host: localhost:63168
accept: */*

Response DefaultHttpResponse(decodeResult: success, version: HTTP/1.1)
HTTP/1.1 200 OK
Content-Type: application/json; charset=utf-8
cache-control: no-cache
content-length: 88

[DEBUG] Adding key: http://localhost:63168 for channel [id: 0xcaec34d8, L:/127.0.0.1:63879 - R:localhost/127.0.0.1:63168]
[DEBUG] Using pooled Channel &apos;[id: 0xcaec34d8, L:/127.0.0.1:63879 - R:localhost/127.0.0.1:63168]&apos; for &apos;POST&apos; to &apos;http://localhost:63168/session/4b9f42a97941f9bf341dcf234c42ebe0/element/c30d4a7c-762d-4751-8d3f-4c4332abc44e/value&apos;
[DEBUG] Using open Channel [id: 0xcaec34d8, L:/127.0.0.1:63879 - R:localhost/127.0.0.1:63168] for POST &apos;/session/4b9f42a97941f9bf341dcf234c42ebe0/element/c30d4a7c-762d-4751-8d3f-4c4332abc44e/value&apos;
[DEBUG] Entry count for : http://localhost:60002 : 1
[DEBUG] Entry count for : http://localhost:63851 : 1
[DEBUG] Entry count for : http://localhost:60571 : 1
[DEBUG] Entry count for : http://localhost:57133 : 1
[DEBUG] Entry count for : http://localhost:63880 : 1
[DEBUG] Entry count for : http://localhost:53421 : 1
[DEBUG] Entry count for : http://localhost:55016 : 1
[DEBUG] Entry count for : http://localhost:53548 : 1
[DEBUG] Entry count for : http://localhost:63715 : 1
[DEBUG] Entry count for : http://localhost:63746 : 1
[DEBUG] Entry count for : http://localhost:63822 : 1
[DEBUG] Entry count for : http://localhost:63787 : 1
[DEBUG] Adding Candidate expired Channel [id: 0x70789703, L:/127.0.0.1:63668 - R:localhost/127.0.0.1:53421] isIdleTimeoutExpired=true isRemotelyClosed=false isTtlExpired=false
[DEBUG] Closing Idle Channel [id: 0x70789703, L:/127.0.0.1:63668 - R:localhost/127.0.0.1:53421]
[DEBUG] Closed 1 connections out of 12 in 7 ms
[DEBUG] Channel Closed: [id: 0x70789703, L:/127.0.0.1:63668 ! R:localhost/127.0.0.1:53421] with attribute DISCARD
[DEBUG] 

Request DefaultHttpRequest(decodeResult: success, version: HTTP/1.1)
POST /session/4b9f42a97941f9bf341dcf234c42ebe0/element/c30d4a7c-762d-4751-8d3f-4c4332abc44e/value HTTP/1.1
User-Agent: selenium/4.5.0 (java windows)
Content-Length: 201
Content-Type: application/json; charset=utf-8
host: localhost:63168
accept: */*

Response DefaultHttpResponse(decodeResult: success, version: HTTP/1.1)
HTTP/1.1 200 OK
Content-Type: application/json; charset=utf-8
cache-control: no-cache
content-length: 14

[DEBUG] Adding key: http://localhost:63168 for channel [id: 0xcaec34d8, L:/127.0.0.1:63879 - R:localhost/127.0.0.1:63168]
[DEBUG] Using pooled Channel &apos;[id: 0xcaec34d8, L:/127.0.0.1:63879 - R:localhost/127.0.0.1:63168]&apos; for &apos;POST&apos; to &apos;http://localhost:63168/session/4b9f42a97941f9bf341dcf234c42ebe0/element&apos;
[DEBUG] Using open Channel [id: 0xcaec34d8, L:/127.0.0.1:63879 - R:localhost/127.0.0.1:63168] for POST &apos;/session/4b9f42a97941f9bf341dcf234c42ebe0/element&apos;
[DEBUG] 

Request DefaultHttpRequest(decodeResult: success, version: HTTP/1.1)
POST /session/4b9f42a97941f9bf341dcf234c42ebe0/element HTTP/1.1
User-Agent: selenium/4.5.0 (java windows)
Content-Length: 57
Content-Type: application/json; charset=utf-8
host: localhost:63168
accept: */*

Response DefaultHttpResponse(decodeResult: success, version: HTTP/1.1)
HTTP/1.1 200 OK
Content-Type: application/json; charset=utf-8
cache-control: no-cache
content-length: 88

[DEBUG] Adding key: http://localhost:63168 for channel [id: 0xcaec34d8, L:/127.0.0.1:63879 - R:localhost/127.0.0.1:63168]
[DEBUG] Using pooled Channel &apos;[id: 0xcaec34d8, L:/127.0.0.1:63879 - R:localhost/127.0.0.1:63168]&apos; for &apos;POST&apos; to &apos;http://localhost:63168/session/4b9f42a97941f9bf341dcf234c42ebe0/element/695629c3-f354-4ac2-be5e-db40abcf67f1/click&apos;
[DEBUG] Using open Channel [id: 0xcaec34d8, L:/127.0.0.1:63879 - R:localhost/127.0.0.1:63168] for POST &apos;/session/4b9f42a97941f9bf341dcf234c42ebe0/element/695629c3-f354-4ac2-be5e-db40abcf67f1/click&apos;
[DEBUG] Entry count for : http://localhost:60002 : 1
[DEBUG] Entry count for : http://localhost:63851 : 1
[DEBUG] Entry count for : http://localhost:60571 : 1
[DEBUG] Entry count for : http://localhost:57133 : 1
[DEBUG] Entry count for : http://localhost:63880 : 1
[DEBUG] Entry count for : http://localhost:55016 : 1
[DEBUG] Entry count for : http://localhost:53548 : 1
[DEBUG] Entry count for : http://localhost:63715 : 1
[DEBUG] Entry count for : http://localhost:63746 : 1
[DEBUG] Entry count for : http://localhost:63822 : 1
[DEBUG] Entry count for : http://localhost:63787 : 1
[DEBUG] Entry count for : http://localhost:60002 : 1
[DEBUG] Entry count for : http://localhost:63851 : 1
[DEBUG] Entry count for : http://localhost:60571 : 1
[DEBUG] Entry count for : http://localhost:57133 : 1
[DEBUG] Entry count for : http://localhost:63880 : 1
[DEBUG] Entry count for : http://localhost:55016 : 1
[DEBUG] Entry count for : http://localhost:53548 : 1
[DEBUG] Entry count for : http://localhost:63715 : 1
[DEBUG] Entry count for : http://localhost:63746 : 1
[DEBUG] Entry count for : http://localhost:63822 : 1
[DEBUG] Entry count for : http://localhost:63787 : 1
[DEBUG] 

Request DefaultHttpRequest(decodeResult: success, version: HTTP/1.1)
POST /session/4b9f42a97941f9bf341dcf234c42ebe0/element/695629c3-f354-4ac2-be5e-db40abcf67f1/click HTTP/1.1
User-Agent: selenium/4.5.0 (java windows)
Content-Length: 50
Content-Type: application/json; charset=utf-8
host: localhost:63168
accept: */*

Response DefaultHttpResponse(decodeResult: success, version: HTTP/1.1)
HTTP/1.1 200 OK
Content-Type: application/json; charset=utf-8
cache-control: no-cache
content-length: 14

[DEBUG] Adding key: http://localhost:63168 for channel [id: 0xcaec34d8, L:/127.0.0.1:63879 - R:localhost/127.0.0.1:63168]
[DEBUG] Using pooled Channel &apos;[id: 0xcaec34d8, L:/127.0.0.1:63879 - R:localhost/127.0.0.1:63168]&apos; for &apos;POST&apos; to &apos;http://localhost:63168/session/4b9f42a97941f9bf341dcf234c42ebe0/element&apos;
[DEBUG] Using open Channel [id: 0xcaec34d8, L:/127.0.0.1:63879 - R:localhost/127.0.0.1:63168] for POST &apos;/session/4b9f42a97941f9bf341dcf234c42ebe0/element&apos;
[DEBUG] 

Request DefaultHttpRequest(decodeResult: success, version: HTTP/1.1)
POST /session/4b9f42a97941f9bf341dcf234c42ebe0/element HTTP/1.1
User-Agent: selenium/4.5.0 (java windows)
Content-Length: 67
Content-Type: application/json; charset=utf-8
host: localhost:63168
accept: */*

Response DefaultHttpResponse(decodeResult: success, version: HTTP/1.1)
HTTP/1.1 200 OK
Content-Type: application/json; charset=utf-8
cache-control: no-cache
content-length: 88

[DEBUG] Adding key: http://localhost:63168 for channel [id: 0xcaec34d8, L:/127.0.0.1:63879 - R:localhost/127.0.0.1:63168]
[DEBUG] Using pooled Channel &apos;[id: 0xcaec34d8, L:/127.0.0.1:63879 - R:localhost/127.0.0.1:63168]&apos; for &apos;POST&apos; to &apos;http://localhost:63168/session/4b9f42a97941f9bf341dcf234c42ebe0/execute/sync&apos;
[DEBUG] Using open Channel [id: 0xcaec34d8, L:/127.0.0.1:63879 - R:localhost/127.0.0.1:63168] for POST &apos;/session/4b9f42a97941f9bf341dcf234c42ebe0/execute/sync&apos;
[DEBUG] 

Request DefaultHttpRequest(decodeResult: success, version: HTTP/1.1)
POST /session/4b9f42a97941f9bf341dcf234c42ebe0/execute/sync HTTP/1.1
User-Agent: selenium/4.5.0 (java windows)
Content-Length: 47340
Content-Type: application/json; charset=utf-8
host: localhost:63168
accept: */*

Response DefaultHttpResponse(decodeResult: success, version: HTTP/1.1)
HTTP/1.1 200 OK
Content-Type: application/json; charset=utf-8
cache-control: no-cache
content-length: 28

[DEBUG] Adding key: http://localhost:63168 for channel [id: 0xcaec34d8, L:/127.0.0.1:63879 - R:localhost/127.0.0.1:63168]
</system-out>
    <system-err>Starting ChromeDriver 102.0.5005.61 (0e59bcc00cc4985ce39ad31c150065f159d95ad3-refs/branch-heads/5005@{#819}) on port 63168
Only local connections are allowed.
Please see https://chromedriver.chromium.org/security-considerations for suggestions on keeping ChromeDriver safe.
ChromeDriver was started successfully.
Oct 28, 2022 5:33:56 PM org.openqa.selenium.remote.ProtocolHandshake createSession
INFO: Detected upstream dialect: W3C
Oct 28, 2022 5:33:56 PM org.openqa.selenium.devtools.CdpVersionFinder findNearestMatch
WARNING: Unable to find an exact match for CDP version 102, so returning the closest version found: a no-op implementation
Oct 28, 2022 5:33:56 PM org.openqa.selenium.devtools.CdpVersionFinder findNearestMatch
INFO: Unable to find CDP implementation matching 102.
Oct 28, 2022 5:33:56 PM org.openqa.selenium.chromium.ChromiumDriver lambda$new$3
WARNING: Unable to find version of CDP to use for . You may need to include a dependency on a specific version of the CDP using something similar to `org.seleniumhq.selenium:selenium-devtools-v86:4.5.0` where the version (&quot;v86&quot;) matches the version of the chromium-based browser you&apos;re using and the version number of the artifact is the same as Selenium&apos;s.
</system-err>
  </testcase>
</testsuite>